\BOOKMARK [0][-]{chapter.1}{\376\377\000B\000a\000c\000k\000g\000r\000o\000u\000n\000d}{}% 1
\BOOKMARK [0][-]{chapter.2}{\376\377\000D\000e\000v\000e\000l\000o\000p\000m\000e\000n\000t\000\040\000I\000n\000f\000r\000a\000s\000t\000r\000u\000c\000t\000u\000r\000e}{}% 2
\BOOKMARK [1][-]{section.2.1}{\376\377\000s\000p\000y\000c\000e}{chapter.2}% 3
\BOOKMARK [1][-]{section.2.2}{\376\377\000w\000a\000t\000e\000r\000w\000i\000z\000a\000r\000d}{chapter.2}% 4
\BOOKMARK [1][-]{section.2.3}{\376\377\000g\000e\000o\000n\000o\000d\000e\000g\000c\000p}{chapter.2}% 5
\BOOKMARK [1][-]{section.2.4}{\376\377\000r\000e\000o\000n\000o\000d\000e}{chapter.2}% 6
\BOOKMARK [1][-]{section.2.5}{\376\377\000r\000e\000o\000n\000c\000c}{chapter.2}% 7
\BOOKMARK [0][-]{chapter.3}{\376\377\000C\000l\000o\000u\000d\000\040\000I\000n\000f\000r\000a\000s\000t\000r\000u\000c\000t\000u\000r\000e}{}% 8
\BOOKMARK [1][-]{section.3.1}{\376\377\000G\000o\000o\000g\000l\000e\000\040\000C\000l\000o\000u\000d\000\040\000P\000l\000a\000t\000f\000o\000r\000m}{chapter.3}% 9
\BOOKMARK [1][-]{section.3.2}{\376\377\000G\000o\000o\000g\000l\000e\000\040\000A\000p\000p\000\040\000E\000n\000g\000i\000n\000e}{chapter.3}% 10
\BOOKMARK [1][-]{section.3.3}{\376\377\000G\000o\000o\000g\000l\000e\000\040\000C\000o\000m\000p\000u\000t\000e\000\040\000E\000n\000g\000i\000n\000e}{chapter.3}% 11
\BOOKMARK [1][-]{section.3.4}{\376\377\000G\000o\000o\000g\000l\000e\000\040\000K\000u\000b\000e\000r\000n\000e\000t\000e\000s\000\040\000E\000n\000g\000i\000n\000e}{chapter.3}% 12
\BOOKMARK [1][-]{section.3.5}{\376\377\000C\000l\000o\000u\000d\000S\000Q\000L}{chapter.3}% 13
\BOOKMARK [1][-]{section.3.6}{\376\377\000F\000i\000l\000e\000s\000t\000o\000r\000e}{chapter.3}% 14
\BOOKMARK [0][-]{chapter.4}{\376\377\000C\000o\000m\000p\000o\000n\000e\000n\000t\000\040\000I\000n\000t\000e\000g\000r\000a\000t\000i\000o\000n\000s}{}% 15
\BOOKMARK [1][-]{section.4.1}{\376\377\000R\000T\000H\000S\000\040\000D\000a\000t\000a\000\040\000A\000P\000I}{chapter.4}% 16
\BOOKMARK [1][-]{section.4.2}{\376\377\000F\000l\000o\000o\000d\000\040\000W\000i\000z\000a\000r\000d}{chapter.4}% 17
\BOOKMARK [1][-]{section.4.3}{\376\377\000R\000A\000S\000\040\000D\000a\000t\000a\000\040\000P\000r\000o\000v\000i\000d\000e\000r}{chapter.4}% 18
\BOOKMARK [1][-]{section.4.4}{\376\377\000W\000R\000F\000-\000H\000y\000d\000r\000o}{chapter.4}% 19
\BOOKMARK [0][-]{chapter.5}{\376\377\000C\000o\000n\000c\000l\000u\000s\000i\000o\000n\000s}{}% 20
\BOOKMARK [0][-]{section*.3}{\376\377\000P\000y\000t\000h\000o\000n\000\040\000M\000o\000d\000u\000l\000e\000\040\000I\000n\000d\000e\000x}{}% 21
\BOOKMARK [0][-]{section*.4}{\376\377\000I\000n\000d\000e\000x}{}% 22
